<?xml version="1.0" encoding="UTF-8"?>
<testsuite xmlns:xsi="http://www.w3.org/2001/XMLSchema-instance" xsi:noNamespaceSchemaLocation="https://maven.apache.org/surefire/maven-surefire-plugin/xsd/surefire-test-report-3.0.xsd" version="3.0" name="com.telecom.distributed.core.ReplicationManagerTest" time="0.841" tests="6" errors="0" skipped="0" failures="0">
  <properties>
[...]
</properties>
  <testcase name="testServiceDiscoveryReturnsLatestLocationAfterUpdates" classname="com.telecom.distributed.core.ReplicationManagerTest" time="0.72"/>
  <testcase name="testServiceRemainsAvailableDuringMigration" classname="com.telecom.distributed.core.ReplicationManagerTest" time="0.046"/>
  <testcase name="testConcurrentServiceRegistrationsAreConsistent" classname="com.telecom.distributed.core.ReplicationManagerTest" time="0.014"/>
  <testcase name="testServiceDiscoveryReturnsCorrectLocation" classname="com.telecom.distributed.core.ReplicationManagerTest" time="0.012"/>
  <testcase name="testServicesInReplicationGroupsAreDiscoverable" classname="com.telecom.distributed.core.ReplicationManagerTest" time="0.014"/>
  <testcase name="testLookupOfNonExistentServiceReturnsNull" classname="com.telecom.distributed.core.ReplicationManagerTest" time="0.011"/>
</testsuite>